<?xml version="1.0" encoding="UTF-8"?>
<!-- Generated by org.testng.reporters.JUnitReportReporter -->
<testsuite hostname="Gopis-MacBook-Air.local" name="com.send.sms.SendSMS" tests="3" failures="0" timestamp="8 Jan 2017 11:31:44 GMT" time="122.741" errors="0">
  <testcase name="approach1" time="38.890" classname="com.send.sms.SendSMS"/>
  <testcase name="approach2" time="45.771" classname="com.send.sms.SendSMS"/>
  <testcase name="approach3" time="38.080" classname="com.send.sms.SendSMS"/>
</testsuite> <!-- com.send.sms.SendSMS -->
